<?xml version="1.0" encoding="UTF-8"?>
<robot generator="Robot 5.0.1 (Python 3.9.13 on win32)" generated="20230318 15:08:05.785" rpa="true" schemaversion="3">
<suite id="s1" name="Temperature" source="C:\Users\oakyo\Documents\Robots\naver-temperature\temperature">
<suite id="s1-s1" name="Tasks" source="C:\Users\oakyo\Documents\Robots\naver-temperature\temperature\tasks.robot">
<test id="s1-s1-t1" name="Get Current Temperature" line="11">
<kw name="Open Available Browser" library="RPA.Browser.Selenium">
<arg>${url}</arg>
<doc>Attempts to open a browser on the user's device from a set of
supported browsers. Automatically downloads a corresponding webdriver
if none is already installed.</doc>
<msg timestamp="20230318 15:08:07.641" level="INFO">Creating an instance of the Chrome WebDriver.</msg>
<msg timestamp="20230318 15:08:07.652" level="INFO">====== WebDriver manager ======</msg>
<msg timestamp="20230318 15:08:10.171" level="INFO">Creating an instance of the Chrome WebDriver.</msg>
<msg timestamp="20230318 15:08:11.593" level="INFO">Created Chrome browser with arguments: --disable-dev-shm-usage --disable-web-security --allow-running-insecure-content --no-sandbox</msg>
<msg timestamp="20230318 15:08:11.594" level="INFO" html="true">&lt;p&gt;Attempted combinations:&lt;/p&gt;&lt;div class="doc"&gt;&lt;table&gt;&lt;tr&gt;&lt;th&gt;Browser&lt;/th&gt;&lt;th&gt;Download&lt;/th&gt;&lt;th&gt;Error&lt;/th&gt;&lt;/tr&gt;&lt;tr&gt;&lt;td&gt;Chrome&lt;/td&gt;&lt;td&gt;False&lt;/td&gt;&lt;td&gt;Message: 'chromedriver' executable needs to be in PATH. Please see https://chromedriver.chromium.org/home
&lt;/td&gt;&lt;/tr&gt;&lt;tr&gt;&lt;td&gt;Chrome&lt;/td&gt;&lt;td&gt;True&lt;/td&gt;&lt;td&gt;&lt;/td&gt;&lt;/tr&gt;&lt;/table&gt;&lt;/div&gt;</msg>
<msg timestamp="20230318 15:08:11.594" level="INFO">Opening url 'https://www.naver.com/'</msg>
<status status="PASS" starttime="20230318 15:08:07.640" endtime="20230318 15:08:12.319"/>
</kw>
<kw name="Input Text" library="RPA.Browser.Selenium">
<arg>css=#query</arg>
<arg>${search}</arg>
<doc>Types the given ``text`` into the text field identified by ``locator``.</doc>
<msg timestamp="20230318 15:08:12.320" level="INFO">Typing text '날씨' into text field 'css=#query'.</msg>
<status status="PASS" starttime="20230318 15:08:12.319" endtime="20230318 15:08:12.770"/>
</kw>
<kw name="Click Button" library="RPA.Browser.Selenium">
<arg>css=#search_btn</arg>
<doc>Clicks the button identified by ``locator``.</doc>
<msg timestamp="20230318 15:08:12.771" level="INFO">Clicking button 'css=#search_btn'.</msg>
<status status="PASS" starttime="20230318 15:08:12.771" endtime="20230318 15:08:13.858"/>
</kw>
<kw name="Wait Until Element Is Visible" library="RPA.Browser.Selenium">
<arg>//*[@id="main_pack"]/section[1]/div[1]/div[2]/div[1]/div[1]/div/div[2]/div/div[1]/div[1]/div[2]/strong</arg>
<doc>Waits until the element ``locator`` is visible.</doc>
<status status="PASS" starttime="20230318 15:08:13.858" endtime="20230318 15:08:13.962"/>
</kw>
<kw name="Get Text" library="RPA.Browser.Selenium">
<var>${temperature}</var>
<arg>//*[@id="main_pack"]/section[1]/div[1]/div[2]/div[1]/div[1]/div/div[2]/div/div[1]/div[1]/div[2]/strong</arg>
<doc>Returns the text value of the element identified by ``locator``.</doc>
<msg timestamp="20230318 15:08:14.127" level="INFO">${temperature} = 현재 온도
13.2°</msg>
<status status="PASS" starttime="20230318 15:08:13.963" endtime="20230318 15:08:14.127"/>
</kw>
<kw name="Log" library="BuiltIn">
<arg>The current temperature is ${temperature}</arg>
<doc>Logs the given message with the given level.</doc>
<msg timestamp="20230318 15:08:14.129" level="INFO">The current temperature is 현재 온도
13.2°</msg>
<status status="PASS" starttime="20230318 15:08:14.128" endtime="20230318 15:08:14.129"/>
</kw>
<kw name="Close All Browsers" library="RPA.Browser.Selenium">
<doc>Closes all open browsers and resets the browser cache.</doc>
<status status="PASS" starttime="20230318 15:08:14.130" endtime="20230318 15:08:17.931"/>
</kw>
<status status="PASS" starttime="20230318 15:08:07.639" endtime="20230318 15:08:17.932"/>
</test>
<status status="PASS" starttime="20230318 15:08:05.885" endtime="20230318 15:08:17.932"/>
</suite>
<status status="PASS" starttime="20230318 15:08:05.853" endtime="20230318 15:08:17.933"/>
</suite>
<statistics>
<total>
<stat pass="1" fail="0" skip="0">All Tasks</stat>
</total>
<tag>
</tag>
<suite>
<stat pass="1" fail="0" skip="0" id="s1" name="Temperature">Temperature</stat>
<stat pass="1" fail="0" skip="0" id="s1-s1" name="Tasks">Temperature.Tasks</stat>
</suite>
</statistics>
<errors>
</errors>
</robot>
