<?xml version="1.0" encoding="UTF-8"?>
<robot generator="Robot 5.0.1 (Python 3.9.13 on win32)" generated="20230313 18:14:23.116" rpa="true" schemaversion="3">
<suite id="s1" name="For-Loop" source="C:\Users\oakyo\Documents\Robots\test21\for-loop">
<suite id="s1-s1" name="Tasks" source="C:\Users\oakyo\Documents\Robots\test21\for-loop\tasks.robot">
<test id="s1-s1-t1" name="Loop Test" line="6">
<kw name="Log To Console" library="BuiltIn">
<arg>Four mammals:</arg>
<doc>Logs the given message to the console.</doc>
<status status="PASS" starttime="20230313 18:14:23.214" endtime="20230313 18:14:23.215"/>
</kw>
<for flavor="IN">
<var>${var}</var>
<value>@{mammals}</value>
<iter>
<var name="${var}">cat</var>
<kw name="Log To Console" library="BuiltIn">
<arg>${var}</arg>
<doc>Logs the given message to the console.</doc>
<status status="PASS" starttime="20230313 18:14:23.216" endtime="20230313 18:14:23.216"/>
</kw>
<status status="PASS" starttime="20230313 18:14:23.215" endtime="20230313 18:14:23.216"/>
</iter>
<iter>
<var name="${var}">dog</var>
<kw name="Log To Console" library="BuiltIn">
<arg>${var}</arg>
<doc>Logs the given message to the console.</doc>
<status status="PASS" starttime="20230313 18:14:23.216" endtime="20230313 18:14:23.217"/>
</kw>
<status status="PASS" starttime="20230313 18:14:23.216" endtime="20230313 18:14:23.217"/>
</iter>
<iter>
<var name="${var}">cow</var>
<kw name="Log To Console" library="BuiltIn">
<arg>${var}</arg>
<doc>Logs the given message to the console.</doc>
<status status="PASS" starttime="20230313 18:14:23.217" endtime="20230313 18:14:23.218"/>
</kw>
<status status="PASS" starttime="20230313 18:14:23.217" endtime="20230313 18:14:23.218"/>
</iter>
<status status="PASS" starttime="20230313 18:14:23.215" endtime="20230313 18:14:23.218"/>
</for>
<kw name="Log" library="BuiltIn">
<arg>${var}</arg>
<arg>console=${TRUE}</arg>
<doc>Logs the given message with the given level.</doc>
<msg timestamp="20230313 18:14:23.219" level="INFO">cow</msg>
<status status="PASS" starttime="20230313 18:14:23.219" endtime="20230313 18:14:23.219"/>
</kw>
<status status="PASS" starttime="20230313 18:14:23.213" endtime="20230313 18:14:23.220"/>
</test>
<status status="PASS" starttime="20230313 18:14:23.210" endtime="20230313 18:14:23.220"/>
</suite>
<status status="PASS" starttime="20230313 18:14:23.178" endtime="20230313 18:14:23.222"/>
</suite>
<statistics>
<total>
<stat pass="1" fail="0" skip="0">All Tasks</stat>
</total>
<tag>
</tag>
<suite>
<stat pass="1" fail="0" skip="0" id="s1" name="For-Loop">For-Loop</stat>
<stat pass="1" fail="0" skip="0" id="s1-s1" name="Tasks">For-Loop.Tasks</stat>
</suite>
</statistics>
<errors>
</errors>
</robot>
