<?xml version="1.0" encoding="UTF-8"?>
<robot generator="Robot 6.0.2 (Python 3.8.13 on win32)" generated="20230227 12:14:55.323" rpa="true" schemaversion="3">
<suite id="s1" name="Tasks" source="C:\Users\oakyo\Documents\robots\test1\tasks.robot">
<test id="s1-t1" name="Execute Google image search and store the first result image" line="42">
<kw name="Open Google search page">
<kw name="Open Available Browser" library="RPA.Browser.Selenium">
<arg>${GOOGLE_URL}</arg>
<doc>Attempts to open a browser on the user's device from a set of
supported browsers. Automatically downloads a corresponding webdriver
if none is already installed.</doc>
<msg timestamp="20230227 12:14:58.540" level="INFO">Creating an instance of the Chrome WebDriver.</msg>
<msg timestamp="20230227 12:14:58.558" level="INFO">====== WebDriver manager ======</msg>
<msg timestamp="20230227 12:15:01.992" level="INFO">Creating an instance of the Chrome WebDriver.</msg>
<msg timestamp="20230227 12:15:03.762" level="INFO">Created Chrome browser with arguments: --disable-dev-shm-usage --disable-web-security --allow-running-insecure-content --no-sandbox</msg>
<msg timestamp="20230227 12:15:03.762" level="INFO" html="true">&lt;p&gt;Attempted combinations:&lt;/p&gt;&lt;div class="doc"&gt;&lt;table&gt;&lt;tr&gt;&lt;th&gt;Browser&lt;/th&gt;&lt;th&gt;Download&lt;/th&gt;&lt;th&gt;Error&lt;/th&gt;&lt;/tr&gt;&lt;tr&gt;&lt;td&gt;Chrome&lt;/td&gt;&lt;td&gt;False&lt;/td&gt;&lt;td&gt;Message: 'chromedriver' executable needs to be in PATH. Please see https://chromedriver.chromium.org/home
&lt;/td&gt;&lt;/tr&gt;&lt;tr&gt;&lt;td&gt;Chrome&lt;/td&gt;&lt;td&gt;True&lt;/td&gt;&lt;td&gt;&lt;/td&gt;&lt;/tr&gt;&lt;/table&gt;&lt;/div&gt;</msg>
<msg timestamp="20230227 12:15:03.762" level="INFO">Opening url 'https://google.com/?hl=en'</msg>
<status status="PASS" starttime="20230227 12:14:58.538" endtime="20230227 12:15:05.493"/>
</kw>
<kw name="Close Google Sign in if shown">
<kw name="Click Element If Visible" library="RPA.Browser.Selenium">
<arg>No thanks</arg>
<doc>Click element if it is visible</doc>
<msg timestamp="20230227 12:15:05.513" level="INFO" html="true">Ran with keyword &lt;b&gt;Element Should Be Visible&lt;/b&gt; which returned error: &lt;i&gt;Element with locator 'No thanks' not found.&lt;/i&gt;</msg>
<status status="PASS" starttime="20230227 12:15:05.494" endtime="20230227 12:15:05.513"/>
</kw>
<status status="PASS" starttime="20230227 12:15:05.493" endtime="20230227 12:15:05.513"/>
</kw>
<kw name="Run Keyword And Ignore Error" library="BuiltIn">
<arg>Reject Google Cookies</arg>
<doc>Runs the given keyword with the given arguments and ignores possible error.</doc>
<kw name="Reject Google Cookies">
<kw name="Click Element If Visible" library="RPA.Browser.Selenium">
<arg>xpath://button/div[contains(text(), 'Reject all')]</arg>
<doc>Click element if it is visible</doc>
<msg timestamp="20230227 12:15:05.528" level="INFO" html="true">Ran with keyword &lt;b&gt;Element Should Be Visible&lt;/b&gt; which returned error: &lt;i&gt;Element with locator 'xpath://button/div[contains(text(), 'Reject all')]' not found.&lt;/i&gt;</msg>
<status status="PASS" starttime="20230227 12:15:05.514" endtime="20230227 12:15:05.528"/>
</kw>
<status status="PASS" starttime="20230227 12:15:05.514" endtime="20230227 12:15:05.528"/>
</kw>
<status status="PASS" starttime="20230227 12:15:05.513" endtime="20230227 12:15:05.528"/>
</kw>
<kw name="Run Keyword And Ignore Error" library="BuiltIn">
<arg>Accept Google Consent</arg>
<doc>Runs the given keyword with the given arguments and ignores possible error.</doc>
<kw name="Accept Google Consent">
<kw name="Click Element If Visible" library="RPA.Browser.Selenium">
<arg>xpath://button/div[contains(text(), 'I agree')]</arg>
<doc>Click element if it is visible</doc>
<msg timestamp="20230227 12:15:05.543" level="INFO" html="true">Ran with keyword &lt;b&gt;Element Should Be Visible&lt;/b&gt; which returned error: &lt;i&gt;Element with locator 'xpath://button/div[contains(text(), 'I agree')]' not found.&lt;/i&gt;</msg>
<status status="PASS" starttime="20230227 12:15:05.529" endtime="20230227 12:15:05.544"/>
</kw>
<status status="PASS" starttime="20230227 12:15:05.529" endtime="20230227 12:15:05.544"/>
</kw>
<status status="PASS" starttime="20230227 12:15:05.529" endtime="20230227 12:15:05.544"/>
</kw>
<status status="PASS" starttime="20230227 12:14:58.538" endtime="20230227 12:15:05.544"/>
</kw>
<kw name="Search for">
<arg>${SEARCH_TERM}</arg>
<kw name="Input Text" library="RPA.Browser.Selenium">
<arg>name:q</arg>
<arg>${text}</arg>
<doc>Types the given ``text`` into the text field identified by ``locator``.</doc>
<msg timestamp="20230227 12:15:05.547" level="INFO">Typing text 'cute cat picture' into text field 'name:q'.</msg>
<status status="PASS" starttime="20230227 12:15:05.546" endtime="20230227 12:15:05.724"/>
</kw>
<kw name="Press Keys" library="RPA.Browser.Selenium">
<arg>name:q</arg>
<arg>ENTER</arg>
<doc>Simulates the user pressing key(s) to an element or on the active browser.</doc>
<msg timestamp="20230227 12:15:05.726" level="INFO">Sending key(s) ('ENTER',) to name:q element.</msg>
<msg timestamp="20230227 12:15:06.030" level="INFO">Pressing special key ENTER to element.</msg>
<msg timestamp="20230227 12:15:06.030" level="INFO">Releasing special key ENTER.</msg>
<status status="PASS" starttime="20230227 12:15:05.725" endtime="20230227 12:15:08.490"/>
</kw>
<kw name="Wait Until Page Contains Element" library="RPA.Browser.Selenium">
<arg>search</arg>
<doc>Waits until the element ``locator`` appears on the current page.</doc>
<status status="PASS" starttime="20230227 12:15:08.491" endtime="20230227 12:15:08.509"/>
</kw>
<status status="PASS" starttime="20230227 12:15:05.545" endtime="20230227 12:15:08.509"/>
</kw>
<kw name="View image search results">
<kw name="Click Link" library="RPA.Browser.Selenium">
<arg>Images</arg>
<doc>Clicks a link identified by ``locator``.</doc>
<msg timestamp="20230227 12:15:08.511" level="INFO">Clicking link 'Images'.</msg>
<status status="PASS" starttime="20230227 12:15:08.510" endtime="20230227 12:15:10.375"/>
</kw>
<status status="PASS" starttime="20230227 12:15:08.510" endtime="20230227 12:15:10.375"/>
</kw>
<kw name="Screenshot first result">
<kw name="Capture Element Screenshot" library="RPA.Browser.Selenium">
<arg>css:div[data-ri="0"]</arg>
<doc>Captures a screenshot from the element identified by ``locator`` and embeds it into log file.</doc>
<msg timestamp="20230227 12:15:10.700" level="INFO" html="true">&lt;/td&gt;&lt;/tr&gt;&lt;tr&gt;&lt;td colspan="3"&gt;&lt;a href="selenium-element-screenshot-1.png"&gt;&lt;img src="selenium-element-screenshot-1.png" width="400px"&gt;&lt;/a&gt;</msg>
<status status="PASS" starttime="20230227 12:15:10.377" endtime="20230227 12:15:10.700"/>
</kw>
<status status="PASS" starttime="20230227 12:15:10.376" endtime="20230227 12:15:10.700"/>
</kw>
<kw name="Close Browser" library="RPA.Browser.Selenium" type="TEARDOWN">
<doc>Closes the current browser.</doc>
<status status="PASS" starttime="20230227 12:15:10.701" endtime="20230227 12:15:12.967"/>
</kw>
<status status="PASS" starttime="20230227 12:14:58.537" endtime="20230227 12:15:12.968"/>
</test>
<doc>Executes Google image search and stores the first result image.</doc>
<status status="PASS" starttime="20230227 12:14:55.327" endtime="20230227 12:15:12.970"/>
</suite>
<statistics>
<total>
<stat pass="1" fail="0" skip="0">All Tasks</stat>
</total>
<tag>
</tag>
<suite>
<stat pass="1" fail="0" skip="0" id="s1" name="Tasks">Tasks</stat>
</suite>
</statistics>
<errors>
</errors>
</robot>
